2023-08-06 08:19:49.317799 - Initialized conversion of CBT900
2023-08-06 08:19:49.762300 - Received CBT.V505.FILE900.PDS from FILE900.XMI 
2023-08-06 08:19:49.764787 - Found $$$#DATE.txt (text/plain) in CBT.V505.FILE900.PDS, moved to PDS/$$$#DATE
2023-08-06 08:19:49.765837 - Found $$NOTE01.txt (text/plain) in CBT.V505.FILE900.PDS, moved to PDS/$$NOTE01
2023-08-06 08:19:49.766802 - Found @FILE900.txt (text/plain) in CBT.V505.FILE900.PDS, moved to PDS/@FILE900
2023-08-06 08:19:49.767794 - Found CKS@.txt (text/plain) in CBT.V505.FILE900.PDS, moved to PDS/CKS@
2023-08-06 08:19:49.768873 - Found CKSPGM.txt (text/plain) in CBT.V505.FILE900.PDS, moved to PDS/CKSPGM
2023-08-06 08:19:49.769749 - Found CKSPGM$.jcl (text/plain) in CBT.V505.FILE900.PDS, moved to PDS/CKSPGM$
2023-08-06 08:19:49.770682 - Found CKSUM.txt (text/plain) in CBT.V505.FILE900.PDS, moved to PDS/CKSUM
2023-08-06 08:19:49.771516 - Found CKSUM$.jcl (text/plain) in CBT.V505.FILE900.PDS, moved to PDS/CKSUM$
2023-08-06 08:19:49.772320 - Found CKSUM#.txt (text/plain) in CBT.V505.FILE900.PDS, moved to PDS/CKSUM#
2023-08-06 08:19:49.773112 - Found CKSUMR.txt (text/plain) in CBT.V505.FILE900.PDS, moved to PDS/CKSUMR
2023-08-06 08:19:49.773973 - Found CKSUMR24.txt (text/plain) in CBT.V505.FILE900.PDS, moved to PDS/CKSUMR24
2023-08-06 08:19:49.774805 - Found CKSUM24.txt (text/plain) in CBT.V505.FILE900.PDS, moved to PDS/CKSUM24
2023-08-06 08:19:49.775582 - Found CKSUM24$.jcl (text/plain) in CBT.V505.FILE900.PDS, moved to PDS/CKSUM24$
2023-08-06 08:19:49.776400 - Found MD5.txt (text/plain) in CBT.V505.FILE900.PDS, moved to PDS/MD5
2023-08-06 08:19:49.777207 - Found MD5A.txt (text/plain) in CBT.V505.FILE900.PDS, moved to PDS/MD5A
2023-08-06 08:19:49.778292 - Found MD5COB$.jcl (text/plain) in CBT.V505.FILE900.PDS, moved to PDS/MD5COB$
2023-08-06 08:19:49.779111 - Found MD5DATA.jcl (text/plain) in CBT.V505.FILE900.PDS, moved to PDS/MD5DATA
2023-08-06 08:19:49.779897 - Found MD5FORT$.jcl (text/plain) in CBT.V505.FILE900.PDS, moved to PDS/MD5FORT$
2023-08-06 08:19:49.780681 - Found MD5PGM.txt (text/plain) in CBT.V505.FILE900.PDS, moved to PDS/MD5PGM
2023-08-06 08:19:49.781508 - Found MD5PGM$.jcl (text/plain) in CBT.V505.FILE900.PDS, moved to PDS/MD5PGM$
2023-08-06 08:19:49.782610 - Found MD5PGM#.jcl (text/plain) in CBT.V505.FILE900.PDS, moved to PDS/MD5PGM#
2023-08-06 08:19:49.783586 - Found MD5PLI$.jcl (text/plain) in CBT.V505.FILE900.PDS, moved to PDS/MD5PLI$
2023-08-06 08:19:49.784470 - Found MD5P24.txt (text/plain) in CBT.V505.FILE900.PDS, moved to PDS/MD5P24
2023-08-06 08:19:49.785540 - Found MD5P24$.jcl (text/plain) in CBT.V505.FILE900.PDS, moved to PDS/MD5P24$
2023-08-06 08:19:49.786522 - Found MD5P24B.jcl (text/plain) in CBT.V505.FILE900.PDS, moved to PDS/MD5P24B
2023-08-06 08:19:49.787452 - Found MD5R.txt (text/plain) in CBT.V505.FILE900.PDS, moved to PDS/MD5R
2023-08-06 08:19:49.788308 - Found MD5REXX.txt (text/plain) in CBT.V505.FILE900.PDS, moved to PDS/MD5REXX
2023-08-06 08:19:49.789208 - Found MD5SUM.txt (text/plain) in CBT.V505.FILE900.PDS, moved to PDS/MD5SUM
2023-08-06 08:19:49.790095 - Found MD5SUM$.jcl (text/plain) in CBT.V505.FILE900.PDS, moved to PDS/MD5SUM$
2023-08-06 08:19:49.790950 - Found MD5SUM#.txt (text/plain) in CBT.V505.FILE900.PDS, moved to PDS/MD5SUM#
2023-08-06 08:19:49.791805 - Found MD5SUMA$.jcl (text/plain) in CBT.V505.FILE900.PDS, moved to PDS/MD5SUMA$
2023-08-06 08:19:49.792652 - Found MD5SUM2$.jcl (text/plain) in CBT.V505.FILE900.PDS, moved to PDS/MD5SUM2$
2023-08-06 08:19:49.793564 - Found MD5SUM24.txt (text/plain) in CBT.V505.FILE900.PDS, moved to PDS/MD5SUM24
2023-08-06 08:19:49.794405 - Found MD5URL.txt (text/plain) in CBT.V505.FILE900.PDS, moved to PDS/MD5URL
2023-08-06 08:19:49.795240 - Found SHA1PGM.txt (text/plain) in CBT.V505.FILE900.PDS, moved to PDS/SHA1PGM
2023-08-06 08:19:49.796119 - Found SHA1PGM$.jcl (text/plain) in CBT.V505.FILE900.PDS, moved to PDS/SHA1PGM$
2023-08-06 08:19:49.797067 - Found SHA1SUM.txt (text/plain) in CBT.V505.FILE900.PDS, moved to PDS/SHA1SUM
2023-08-06 08:19:49.798180 - Found SHA1SUM$.jcl (text/plain) in CBT.V505.FILE900.PDS, moved to PDS/SHA1SUM$
2023-08-06 08:19:49.799183 - Found SHA1SUM#.txt (text/plain) in CBT.V505.FILE900.PDS, moved to PDS/SHA1SUM#
2023-08-06 08:19:49.800368 - Found SHA2PGM.txt (text/plain) in CBT.V505.FILE900.PDS, moved to PDS/SHA2PGM
2023-08-06 08:19:49.801352 - Found SHA2PGM$.jcl (text/plain) in CBT.V505.FILE900.PDS, moved to PDS/SHA2PGM$
2023-08-06 08:19:49.802408 - Found SHA2SUM.txt (text/plain) in CBT.V505.FILE900.PDS, moved to PDS/SHA2SUM
2023-08-06 08:19:49.803662 - Found SHA2SUM$.jcl (text/plain) in CBT.V505.FILE900.PDS, moved to PDS/SHA2SUM$
2023-08-06 08:19:49.804588 - Found SHA2SUM#.txt (text/plain) in CBT.V505.FILE900.PDS, moved to PDS/SHA2SUM#
2023-08-06 08:19:49.805773 - Found SHA224S.txt (text/plain) in CBT.V505.FILE900.PDS, moved to PDS/SHA224S
2023-08-06 08:19:49.806746 - Found SHA224S$.jcl (text/plain) in CBT.V505.FILE900.PDS, moved to PDS/SHA224S$
2023-08-06 08:19:49.807794 - Found SHA224S#.txt (text/plain) in CBT.V505.FILE900.PDS, moved to PDS/SHA224S#
2023-08-06 08:19:49.809035 - Found SHA3SUM.txt (text/plain) in CBT.V505.FILE900.PDS, moved to PDS/SHA3SUM
2023-08-06 08:19:49.810197 - Found SHA3SUM#.txt (text/plain) in CBT.V505.FILE900.PDS, moved to PDS/SHA3SUM#
2023-08-06 08:19:49.811420 - Found SHA5SUM.txt (text/plain) in CBT.V505.FILE900.PDS, moved to PDS/SHA5SUM
2023-08-06 08:19:49.812541 - Found SHA5SUM#.txt (text/plain) in CBT.V505.FILE900.PDS, moved to PDS/SHA5SUM#
